\BOOKMARK [1][-]{section*.1}{\376\377\000L\000i\000s\000t\000a\000\040\000d\000e\000\040\000t\000a\000b\000l\000a\000s\000\040\000d\000e\000\040\000a\000n\000e\000x\000o\000s\000*}{}% 1
\BOOKMARK [2][-]{section*.2}{\376\377\000E\000x\000p\000e\000r\000i\000m\000e\000n\000t\000o\000\040\0001}{section*.1}% 2
\BOOKMARK [2][-]{section*.3}{\376\377\000E\000x\000p\000e\000r\000i\000m\000e\000n\000t\000o\000\040\0002}{section*.1}% 3
\BOOKMARK [3][-]{section*.4}{\376\377\000C\000r\000o\000s\000s\000-\000T\000a\000b\000u\000l\000a\000t\000i\000o\000n\000,\000\040\000R\000o\000w\000\040\000P\000r\000o\000p\000o\000r\000t\000i\000o\000n\000s}{section*.3}% 4
\BOOKMARK [2][-]{section*.5}{\376\377\000E\000x\000p\000e\000r\000i\000m\000e\000n\000t\000o\000\040\0003}{section*.1}% 5
\BOOKMARK [2][-]{section*.6}{\376\377\000E\000x\000p\000e\000r\000i\000m\000e\000n\000t\000o\000\040\0004}{section*.1}% 6
\BOOKMARK [2][-]{section*.7}{\376\377\000R\000e\000s\000u\000l\000t\000a\000d\000o\000s\000\040\000p\000o\000r\000\040\000c\000a\000d\000a\000\040\000u\000n\000o\000\040\000d\000e\000\040\000l\000o\000s\000\040\000e\000x\000p\000e\000r\000i\000m\000e\000n\000t\000o\000s}{section*.1}% 7
\BOOKMARK [3][-]{section*.8}{\376\377\000E\000x\000p\000e\000r\000i\000m\000e\000n\000t\000o\000\040\0001}{section*.7}% 8
\BOOKMARK [1][-]{section*.9}{\376\377\000A\000\040\000t\000i\000b\000b\000l\000e\000:\000\040\0003\000\040\000x\000\040\0006}{}% 9
\BOOKMARK [1][-]{section*.10}{\376\377\000A\000\040\000t\000i\000b\000b\000l\000e\000:\000\040\0006\000\040\000x\000\040\0007}{}% 10
\BOOKMARK [1][-]{section*.11}{\376\377\000G\000r\000o\000u\000p\000s\000:\000\040\000C\000\341\000m\000a\000r\000a\000s\000\040\000d\000e\000\040\000e\000c\000o\000\040\000[\0002\000]}{}% 11
\BOOKMARK [1][-]{section*.12}{\376\377\000A\000\040\000t\000i\000b\000b\000l\000e\000:\000\040\0006\000\040\000x\000\040\0007}{}% 12
\BOOKMARK [1][-]{section*.13}{\376\377\000G\000r\000o\000u\000p\000s\000:\000\040\000C\000i\000u\000d\000a\000d\000a\000n\000\355\000a\000\040\000D\000i\000g\000i\000t\000a\000l\000\040\000[\0002\000]}{}% 13
\BOOKMARK [2][-]{section*.14}{\376\377\000E\000x\000p\000e\000r\000i\000m\000e\000n\000t\000o\000\040\0002}{section*.13}% 14
\BOOKMARK [3][-]{section*.15}{\376\377\000C\000r\000o\000s\000s\000-\000T\000a\000b\000u\000l\000a\000t\000i\000o\000n\000,\000\040\000C\000o\000l\000u\000m\000n\000\040\000P\000r\000o\000p\000o\000r\000t\000i\000o\000n\000s}{section*.14}% 15
\BOOKMARK [2][-]{section*.16}{\376\377\000E\000x\000p\000e\000r\000i\000m\000e\000n\000t\000o\000\040\0003\000\040\000y\000\040\000k\000e\000\040\000p\000a\000s\000a}{section*.13}% 16
\BOOKMARK [3][-]{section*.17}{\376\377\000C\000r\000o\000s\000s\000-\000T\000a\000b\000u\000l\000a\000t\000i\000o\000n\000,\000\040\000C\000o\000l\000u\000m\000n\000\040\000P\000r\000o\000p\000o\000r\000t\000i\000o\000n\000s}{section*.16}% 17
\BOOKMARK [3][-]{section*.18}{\376\377\000C\000r\000o\000s\000s\000-\000T\000a\000b\000u\000l\000a\000t\000i\000o\000n\000,\000\040\000C\000o\000l\000u\000m\000n\000\040\000P\000r\000o\000p\000o\000r\000t\000i\000o\000n\000s}{section*.16}% 18
\BOOKMARK [3][-]{section*.19}{\376\377\000C\000r\000o\000s\000s\000-\000T\000a\000b\000u\000l\000a\000t\000i\000o\000n\000,\000\040\000C\000o\000l\000u\000m\000n\000\040\000P\000r\000o\000p\000o\000r\000t\000i\000o\000n\000s}{section*.16}% 19
\BOOKMARK [3][-]{section*.20}{\376\377\000C\000r\000o\000s\000s\000-\000T\000a\000b\000u\000l\000a\000t\000i\000o\000n\000,\000\040\000C\000o\000l\000u\000m\000n\000\040\000P\000r\000o\000p\000o\000r\000t\000i\000o\000n\000s}{section*.16}% 20
\BOOKMARK [3][-]{section*.21}{\376\377\000C\000r\000o\000s\000s\000-\000T\000a\000b\000u\000l\000a\000t\000i\000o\000n\000,\000\040\000C\000o\000l\000u\000m\000n\000\040\000P\000r\000o\000p\000o\000r\000t\000i\000o\000n\000s}{section*.16}% 21
\BOOKMARK [3][-]{section*.22}{\376\377\000C\000r\000o\000s\000s\000-\000T\000a\000b\000u\000l\000a\000t\000i\000o\000n\000,\000\040\000C\000o\000l\000u\000m\000n\000\040\000P\000r\000o\000p\000o\000r\000t\000i\000o\000n\000s}{section*.16}% 22
\BOOKMARK [3][-]{section*.23}{\376\377\000C\000r\000o\000s\000s\000-\000T\000a\000b\000u\000l\000a\000t\000i\000o\000n\000,\000\040\000C\000o\000l\000u\000m\000n\000\040\000P\000r\000o\000p\000o\000r\000t\000i\000o\000n\000s}{section*.16}% 23
\BOOKMARK [3][-]{section*.24}{\376\377\000C\000r\000o\000s\000s\000-\000T\000a\000b\000u\000l\000a\000t\000i\000o\000n\000,\000\040\000T\000o\000t\000a\000l\000\040\000P\000r\000o\000p\000o\000r\000t\000i\000o\000n\000s}{section*.16}% 24
\BOOKMARK [2][-]{section*.25}{\376\377\000E\000x\000p\000e\000r\000i\000m\000e\000n\000t\000o\000\040\0004}{section*.13}% 25
